<?xml version="1.0" encoding="UTF-8"?>
<!-- Generated by org.testng.reporters.JUnitReportReporter -->
<testsuite hostname="DESKTOP-D9ML0T2" failures="0" tests="1" name="testCases.TC_003_Generated_Passlist_Page" time="10.348" errors="0" timestamp="2024-09-17T20:21:42 IST" skipped="0">
  <testcase classname="testCases.TC_003_Generated_Passlist_Page" name="generatedPassListPage" time="10.348"/>
</testsuite> <!-- testCases.TC_003_Generated_Passlist_Page -->
